C:\Users\1\Documents\Apps Project\kurs>bunx expo-doctor
env: load .env
env: export EXPO_PUBLIC_SUPABASE_URL EXPO_PUBLIC_SUPABASE_ANON_KEY XENDIT_SECRET_KEY XENDIT_PUBLIC_KEY XENDIT_WEBHOOK_VERIFICATION_TOKEN
16/17 checks passed. 1 checks failed. Possible issues detected:
Use the --verbose flag to see more details about passed checks.

✖ Check that no duplicate dependencies are installed
Your project contains duplicate native module dependencies, which should be de-duplicated.
Native builds may only contain one version of any given native module, and having multiple versions of a single Native module installed may lead to unexpected build errors.
Found duplicates for @expo/vector-icons:
  ├─ @expo/vector-icons@15.0.3 (at: node_modules\@expo\vector-icons)
  │  └─ linked to: node_modules\.bun\@expo+vector-icons@15.0.3+06b0abf5dee7a890\node_modules\@expo\vector-icons
  └─ @expo/vector-icons@15.0.3 (at: node_modules\.bun\expo@54.0.33+df755c8cc4574c12\node_modules\@expo\vector-icons)
     └─ linked to a different installation
Found duplicates for expo:
  ├─ expo@54.0.33 (at: node_modules\expo)
  │  └─ linked to: node_modules\.bun\expo@54.0.33+df755c8cc4574c12\node_modules\expo
  ├─ expo@54.0.33 (at: node_modules\.bun\expo-router@6.0.23+489fcddbe7ae7a60\node_modules\expo)
  │  └─ linked to a different installation
  └─ expo@54.0.33 (at: node_modules\.bun\@expo+metro-runtime@6.1.2+245a6c089f6d1b20\node_modules\expo)
     └─ linked to a different installation
Found duplicates for expo-constants:
  ├─ expo-constants@18.0.13 (at: node_modules\expo-constants)
  │  └─ linked to: node_modules\.bun\expo-constants@18.0.13+df755c8cc4574c12\node_modules\expo-constants
  ├─ expo-constants@18.0.13 (at: node_modules\.bun\expo@54.0.33+df755c8cc4574c12\node_modules\expo-constants)
  │  └─ linked to a different installation
  └─ expo-constants@18.0.13 (at: node_modules\.bun\expo-router@6.0.23+489fcddbe7ae7a60\node_modules\expo-constants)
     └─ linked to a different installation
Found duplicates for expo-font:
  ├─ expo-font@14.0.11 (at: node_modules\expo-font)
  │  └─ linked to: node_modules\.bun\expo-font@14.0.11+df755c8cc4574c12\node_modules\expo-font
  └─ expo-font@14.0.11 (at: node_modules\.bun\expo@54.0.33+df755c8cc4574c12\node_modules\expo-font)
     └─ linked to a different installation
Found duplicates for expo-linking:
  ├─ expo-linking@8.0.11 (at: node_modules\expo-linking)
  │  └─ linked to: node_modules\.bun\expo-linking@8.0.11+df755c8cc4574c12\node_modules\expo-linking
  └─ expo-linking@8.0.11 (at: node_modules\.bun\expo-router@6.0.23+489fcddbe7ae7a60\node_modules\expo-linking)
     └─ linked to a different installation
Found duplicates for react-native-svg:
  ├─ react-native-svg@15.12.1 (at: node_modules\react-native-svg)
  └─ react-native-svg@15.15.3 (at: node_modules\.bun\react-native-qrcode-svg@6.3.21+a7a4e77df9de1d75\node_modules\react-native-svg)
     └─ linked to a different installation
Advice:
Your node_modules folder may be corrupted. Multiple copies of the same version exist for: @expo/vector-icons, expo, expo-constants, expo-font, expo-linking.
- Try deleting your node_modules folders and reinstall your dependencies after.
- If this error persists, delete your node_modules as well as your lockfile and reinstall.
Resolve your dependency issues and deduplicate your dependencies. Learn more: https://expo.fyi/resolving-dependency-issues

1 check failed, indicating possible issues with the project.